Running LeNet5 Without Flipping-----------------------
Running 1 of 5
tensor([9, 7, 5, 1, 4, 8, 1, 7, 0, 3], grad_fn=<SliceBackward>)
tensor([9, 7, 5, 1, 4, 8, 1, 7, 0, 3])
0.00800000037997961
0.1436000019311905
time elapsed: 00:00:07.28
Running 2 of 5
tensor([7, 0, 2, 8, 9, 8, 1, 1, 0, 2], grad_fn=<SliceBackward>)
tensor([7, 0, 2, 8, 9, 8, 1, 1, 0, 2])
0.017000000923871994
0.0640999972820282
time elapsed: 00:00:25.12
Running 3 of 5
tensor([9, 9, 9, 9, 0, 7, 0, 7, 1, 5], grad_fn=<SliceBackward>)
tensor([9, 9, 9, 9, 0, 7, 0, 7, 1, 5])
0.005499999970197678
0.032600000500679016
time elapsed: 00:01:36.27
Running 4 of 5
tensor([1, 6, 6, 9, 9, 6, 3, 7, 6, 8], grad_fn=<SliceBackward>)
tensor([1, 6, 6, 9, 9, 6, 3, 7, 6, 8])
0.0017500000540167093
0.015599999576807022
time elapsed: 00:06:30.10
Running 5 of 5
tensor([3, 6, 0, 9, 9, 7, 2, 3, 3, 8], grad_fn=<SliceBackward>)
tensor([3, 6, 0, 9, 9, 7, 2, 3, 3, 8])
0.001466666697524488
0.00930000003427267
time elapsed: 00:25:29.70
RUNNING 1 of 5, n=250--------------------------
Running flip 1--------------------------
Training autoencoder...
epoch [1/3], loss:0.0072
tensor([-4.9821e-03,  8.0335e-03,  3.7438e-04, -1.9120e-03, -1.7349e-02,
        -5.1860e-02, -6.7384e-02, -7.4173e-02, -7.3242e-02,  2.5706e-02,
         2.1459e-02,  9.0551e-02,  6.9839e-02,  1.8173e-01,  5.6461e-01,
         1.0337e+00,  1.2990e+00,  1.2850e+00,  1.1686e+00,  8.7729e-01,
         2.4736e-01,  3.4165e-02,  8.1066e-02,  9.0354e-02,  9.7950e-02,
         6.9600e-03,  4.8720e-03, -1.2675e-02,  9.2657e-03, -8.0659e-03,
         1.0728e-02,  3.2491e-03])
tensor([0.0000, 0.0000, 0.0000, 0.0000, 0.0000, 0.0000, 0.0000, 0.0000, 0.0000,
        0.0000, 0.0000, 0.0000, 0.0000, 0.0902, 0.7020, 0.9961, 0.9922, 0.9922,
        0.9922, 0.8863, 0.1490, 0.0000, 0.0000, 0.0000, 0.0000, 0.0000, 0.0000,
        0.0000, 0.0000, 0.0000, 0.0000, 0.0000])
epoch [2/3], loss:0.0067
tensor([ 0.0121,  0.0310, -0.0172, -0.0565, -0.1502, -0.1156,  0.1339,  0.8282,
         1.0319,  1.1461,  0.5327,  0.2191,  0.2052,  0.5220,  0.7328,  0.7693,
         0.5021,  0.5689,  0.6296,  0.3352,  0.4194,  0.7261,  0.9937,  0.8809,
         0.4680, -0.1267,  0.0266, -0.0291, -0.0228,  0.0667,  0.0510,  0.0017])
tensor([0.0000, 0.0000, 0.0000, 0.0000, 0.0000, 0.0000, 0.1529, 0.9961, 0.9961,
        0.9961, 0.3529, 0.2078, 0.2314, 0.5569, 0.6549, 0.6549, 0.6549, 0.6549,
        0.6549, 0.6549, 0.6118, 0.7529, 0.9961, 0.9961, 0.7216, 0.0000, 0.0000,
        0.0000, 0.0000, 0.0000, 0.0000, 0.0000])
epoch [3/3], loss:0.0066
tensor([-0.0026, -0.0031,  0.0092,  0.0171,  0.0427,  0.0372,  0.0602,  0.0664,
         0.0694,  0.0684,  0.1492,  0.5648,  0.7904,  0.7211,  0.1934, -0.0489,
         0.1612,  0.1927,  0.3001,  0.1772,  0.0782,  0.0571, -0.0286, -0.0897,
         0.0172,  0.0245,  0.0046,  0.0220,  0.0012,  0.0030,  0.0179,  0.0028])
tensor([0.0000, 0.0000, 0.0000, 0.0000, 0.0000, 0.0000, 0.0000, 0.0000, 0.0000,
        0.0000, 0.0000, 0.8039, 0.9922, 0.6353, 0.0000, 0.0000, 0.0000, 0.0000,
        0.0000, 0.0000, 0.0000, 0.0000, 0.0000, 0.0000, 0.0000, 0.0000, 0.0000,
        0.0000, 0.0000, 0.0000, 0.0000, 0.0000])
time elapsed: 00:14:03.01
Training LeNet5...
initialize with weights!
tensor([9, 7, 5, 1, 4, 8, 1, 7, 0, 3], grad_fn=<SliceBackward>)
tensor([9, 7, 5, 1, 4, 8, 1, 7, 0, 3])
0.012000000104308128
0.15780000388622284
time elapsed: 00:00:07.37
Running flip 2--------------------------
Training autoencoder...
initialize with weights!
epoch [1/3], loss:0.0069
tensor([-0.0013,  0.0042, -0.0028, -0.0052, -0.0030,  0.0030,  0.0292, -0.0117,
        -0.0641, -0.1012, -0.0507, -0.0159, -0.0613, -0.0486, -0.0277, -0.0202,
         0.0389,  0.0456,  0.0709, -0.0758,  0.0390,  0.4747,  0.7737,  0.6091,
         0.0250, -0.0163, -0.0089, -0.0154,  0.0174, -0.0052,  0.0043,  0.0028])
tensor([0.0000, 0.0000, 0.0000, 0.0000, 0.0000, 0.0000, 0.0000, 0.0000, 0.0000,
        0.0000, 0.0000, 0.0000, 0.0000, 0.0000, 0.0000, 0.0000, 0.0000, 0.0000,
        0.0000, 0.0000, 0.0000, 0.4510, 0.9922, 0.8196, 0.0000, 0.0000, 0.0000,
        0.0000, 0.0000, 0.0000, 0.0000, 0.0000])
epoch [2/3], loss:0.0064
tensor([-5.2659e-04,  1.0692e-03, -3.9712e-03, -3.9476e-03, -1.4487e-02,
        -9.7184e-03, -2.7711e-02, -1.1310e-02,  1.6711e-02,  8.3483e-02,
        -4.6827e-02, -1.1597e-01, -1.8909e-01, -6.2588e-02,  7.8580e-01,
         7.8597e-01,  5.4889e-01,  8.4929e-01,  6.4803e-01, -5.5411e-02,
        -3.1778e-02,  5.2503e-02,  5.6959e-02,  6.1927e-02, -1.7432e-02,
        -1.0274e-02, -2.3275e-02, -2.2453e-02, -1.3931e-02, -1.0362e-02,
        -3.7523e-03,  4.4219e-04])
tensor([0.0000, 0.0000, 0.0000, 0.0000, 0.0000, 0.0000, 0.0000, 0.0000, 0.0000,
        0.0000, 0.0000, 0.0000, 0.0000, 0.0275, 0.8118, 0.7569, 0.4275, 0.9961,
        0.8549, 0.0392, 0.0000, 0.0000, 0.0000, 0.0000, 0.0000, 0.0000, 0.0000,
        0.0000, 0.0000, 0.0000, 0.0000, 0.0000])
epoch [3/3], loss:0.0065
tensor([ 1.5185e-03, -2.0827e-03, -4.8338e-03, -1.3074e-02,  8.4890e-03,
         1.1265e-02,  3.3991e-02,  6.0700e-03,  2.6275e-02,  1.0990e-02,
         2.9696e-02,  4.2971e-03, -8.9035e-02, -5.8438e-02, -3.8376e-02,
         3.1300e-01,  1.2222e+00,  1.1190e+00,  3.3723e-01,  5.2696e-02,
         1.0706e-01, -3.9769e-02, -4.8089e-04,  3.8427e-02,  3.5763e-02,
         1.1650e-02,  1.3042e-02, -4.9755e-03,  6.9650e-03,  7.3004e-04,
         3.0469e-03,  1.2164e-03])
tensor([0.0000, 0.0000, 0.0000, 0.0000, 0.0000, 0.0000, 0.0000, 0.0000, 0.0000,
        0.0000, 0.0000, 0.0000, 0.0000, 0.0000, 0.0000, 0.0000, 0.9804, 0.9961,
        0.3725, 0.0000, 0.0000, 0.0000, 0.0000, 0.0000, 0.0000, 0.0000, 0.0000,
        0.0000, 0.0000, 0.0000, 0.0000, 0.0000])
time elapsed: 00:14:23.99
Training LeNet5...
initialize with weights!
tensor([9, 7, 5, 1, 4, 8, 1, 7, 0, 3], grad_fn=<SliceBackward>)
tensor([9, 7, 5, 1, 4, 8, 1, 7, 0, 3])
0.012000000104308128
0.14409999549388885
time elapsed: 00:00:07.59
Running flip 3--------------------------
Training autoencoder...
initialize with weights!
epoch [1/3], loss:0.0070
tensor([ 0.0023,  0.0039,  0.0101, -0.0053,  0.0134,  0.0187,  0.0811,  0.0894,
         0.0741,  0.0880,  0.5473,  1.1098,  0.7832,  0.1006, -0.0339, -0.0202,
        -0.0090,  0.0167,  0.3410,  1.0428,  1.0606,  0.3933,  0.1128,  0.0835,
         0.0979,  0.0196,  0.0291,  0.0122, -0.0054,  0.0029,  0.0128,  0.0044])
tensor([0.0000, 0.0000, 0.0000, 0.0000, 0.0000, 0.0000, 0.0000, 0.0000, 0.0000,
        0.0000, 0.5137, 0.9922, 0.8824, 0.0431, 0.0000, 0.0000, 0.0000, 0.0000,
        0.3137, 0.9922, 0.9686, 0.1216, 0.0000, 0.0000, 0.0000, 0.0000, 0.0000,
        0.0000, 0.0000, 0.0000, 0.0000, 0.0000])
epoch [2/3], loss:0.0065
tensor([ 1.5378e-02,  1.2664e-02,  3.2620e-03, -1.1187e-02, -5.6559e-03,
        -2.9624e-04,  8.8691e-03, -1.4410e-02,  1.1644e-01,  1.6563e-01,
         1.1861e-01, -2.5178e-02, -3.7455e-02,  5.1274e-02,  1.6038e-01,
         7.8027e-02,  9.4916e-03,  1.6519e-01,  7.0629e-02,  2.3590e-01,
         9.5356e-01,  1.0265e+00,  5.9849e-01,  9.4266e-02,  1.2871e-01,
         1.2024e-01,  8.3257e-02,  4.3522e-02, -2.1230e-02,  2.2006e-03,
         4.7810e-03,  2.2856e-03])
tensor([0.0000, 0.0000, 0.0000, 0.0000, 0.0000, 0.0000, 0.0000, 0.0000, 0.0000,
        0.0000, 0.0000, 0.0000, 0.0000, 0.0000, 0.0000, 0.0000, 0.0000, 0.0000,
        0.0000, 0.0000, 0.9255, 0.9961, 0.6902, 0.0157, 0.0000, 0.0000, 0.0000,
        0.0000, 0.0000, 0.0000, 0.0000, 0.0000])
epoch [3/3], loss:0.0067
tensor([ 0.0059, -0.0093,  0.0024,  0.0161,  0.0275,  0.0012, -0.0094,  0.0478,
         0.0333,  0.0617,  0.0307,  0.3724,  1.1337,  1.1032,  1.0597,  1.0142,
         0.8539,  0.9934,  0.9731,  1.0924,  0.8087,  0.2439,  0.1479,  0.1057,
         0.0367, -0.0081,  0.0668,  0.0424,  0.0089,  0.0064,  0.0076,  0.0015])
tensor([0.0000, 0.0000, 0.0000, 0.0000, 0.0000, 0.0000, 0.0000, 0.0000, 0.0000,
        0.0000, 0.0000, 0.2980, 0.9922, 0.9922, 0.9922, 0.9922, 0.9922, 1.0000,
        0.9922, 0.9922, 0.7137, 0.0471, 0.0000, 0.0000, 0.0000, 0.0000, 0.0000,
        0.0000, 0.0000, 0.0000, 0.0000, 0.0000])
time elapsed: 00:14:23.64
Training LeNet5...
initialize with weights!
tensor([9, 7, 5, 1, 4, 8, 1, 7, 0, 3], grad_fn=<SliceBackward>)
tensor([9, 7, 5, 1, 4, 8, 1, 7, 0, 3])
0.03999999910593033
0.1695999950170517
time elapsed: 00:00:07.40
Running flip 4--------------------------
Training autoencoder...
initialize with weights!
epoch [1/3], loss:0.0069
tensor([ 7.7765e-03, -1.3537e-03, -2.0266e-02, -3.8660e-02,  1.6769e-02,
         3.0835e-02,  4.2851e-02,  1.0385e-01,  4.0358e-01,  7.9845e-01,
         1.0734e+00,  1.1053e+00,  5.5708e-01,  2.6586e-02, -1.3077e-01,
        -7.9386e-02,  5.5289e-02,  5.3948e-02,  3.4666e-02,  2.9830e-04,
        -3.6515e-03,  5.0772e-02,  1.2926e-01,  1.8048e-01,  1.5760e-01,
         3.9853e-02, -2.2681e-02, -5.7180e-02, -1.7343e-02, -4.5940e-03,
         2.5397e-03,  1.6440e-03])
tensor([0.0000, 0.0000, 0.0000, 0.0000, 0.0000, 0.0000, 0.0000, 0.0000, 0.5647,
        0.9843, 0.9843, 0.9843, 0.7059, 0.0000, 0.0000, 0.0000, 0.0000, 0.0000,
        0.0000, 0.0000, 0.0000, 0.0000, 0.0000, 0.0000, 0.0000, 0.0000, 0.0000,
        0.0000, 0.0000, 0.0000, 0.0000, 0.0000])
epoch [2/3], loss:0.0065
tensor([-1.3161e-04, -1.1794e-02, -1.2858e-02, -1.1965e-02, -8.9029e-03,
        -8.2092e-03, -8.6957e-03, -1.6193e-03, -1.6426e-02, -4.5270e-02,
         2.9865e-02,  3.0500e-01,  8.4408e-01,  8.7385e-01,  3.1264e-01,
         2.9175e-03, -2.0716e-02,  1.3329e-02, -6.9885e-02, -1.1536e-01,
        -8.5681e-03, -5.5002e-02,  2.3727e-01,  5.8616e-01,  1.5478e-01,
        -7.3041e-02,  2.0762e-02, -9.0683e-03, -2.6508e-03,  8.7430e-04,
         7.0826e-03,  2.6383e-03])
tensor([0.0000, 0.0000, 0.0000, 0.0000, 0.0000, 0.0000, 0.0000, 0.0000, 0.0000,
        0.0000, 0.0000, 0.2235, 0.9569, 0.9961, 0.3686, 0.0000, 0.0000, 0.0000,
        0.0000, 0.0000, 0.0000, 0.0000, 0.1882, 0.9961, 0.2078, 0.0000, 0.0000,
        0.0000, 0.0000, 0.0000, 0.0000, 0.0000])
epoch [3/3], loss:0.0065
tensor([ 0.0136,  0.0090,  0.0150,  0.0190,  0.0266,  0.0076,  0.0314,  0.0349,
        -0.0229, -0.0308, -0.0188,  0.0368,  0.1167,  0.1083, -0.0518,  0.1502,
         0.4561,  0.7103,  0.7686,  0.5532,  0.3117,  0.0392, -0.0774,  0.0164,
         0.0561, -0.0046,  0.0337, -0.0036,  0.0023,  0.0111,  0.0132,  0.0040])
tensor([0.0000, 0.0000, 0.0000, 0.0000, 0.0000, 0.0000, 0.0000, 0.0000, 0.0000,
        0.0000, 0.0000, 0.0000, 0.0000, 0.0000, 0.0000, 0.0000, 0.0902, 0.8353,
        0.9843, 0.5412, 0.0549, 0.0000, 0.0000, 0.0000, 0.0000, 0.0000, 0.0000,
        0.0000, 0.0000, 0.0000, 0.0000, 0.0000])
time elapsed: 00:13:46.32
Training LeNet5...
initialize with weights!
tensor([9, 7, 5, 1, 4, 8, 1, 7, 0, 3], grad_fn=<SliceBackward>)
tensor([9, 7, 5, 1, 4, 8, 1, 7, 0, 3])
0.012000000104308128
0.14390000700950623
time elapsed: 00:00:07.20
Running flip 5--------------------------
Training autoencoder...
initialize with weights!
epoch [1/3], loss:0.0071
tensor([ 6.9739e-03, -2.0444e-03,  8.2128e-03,  7.5141e-04,  3.9978e-02,
         5.0631e-02,  2.7799e-02,  2.2145e-02,  4.5897e-02, -4.0131e-02,
         2.1347e-02,  7.0589e-02,  2.9456e-02,  3.8035e-02,  1.8537e-02,
         8.1286e-02,  3.9290e-01,  1.0613e+00,  1.0215e+00,  4.1882e-01,
        -7.2503e-03,  1.5261e-01,  1.0909e-01,  8.3736e-02,  8.3876e-02,
         6.4029e-02,  4.6232e-02,  1.1341e-02,  9.2618e-03,  2.5190e-03,
         5.1737e-03,  4.1374e-03])
tensor([0.0000, 0.0000, 0.0000, 0.0000, 0.0000, 0.0000, 0.0000, 0.0000, 0.0000,
        0.0000, 0.0000, 0.0000, 0.0000, 0.0000, 0.0000, 0.0000, 0.3922, 0.9922,
        0.9843, 0.4941, 0.0000, 0.0000, 0.0000, 0.0000, 0.0000, 0.0000, 0.0000,
        0.0000, 0.0000, 0.0000, 0.0000, 0.0000])
epoch [2/3], loss:0.0064
tensor([ 0.0068,  0.0110, -0.0128, -0.0202, -0.0442, -0.0175,  0.0011, -0.0073,
        -0.0038,  0.0268,  0.0219,  0.0806,  0.1697,  0.0647,  0.0363,  0.0664,
         0.1544,  0.8203,  0.8469,  0.7149,  0.3446,  0.3580,  0.0888, -0.0148,
        -0.0054, -0.0688,  0.0047,  0.0880, -0.0030, -0.0048, -0.0107, -0.0046])
tensor([0.0000, 0.0000, 0.0000, 0.0000, 0.0000, 0.0000, 0.0000, 0.0000, 0.0000,
        0.0000, 0.0000, 0.0000, 0.0000, 0.0000, 0.0000, 0.0000, 0.0000, 0.9961,
        0.9922, 0.9922, 0.4314, 0.3843, 0.0000, 0.0000, 0.0000, 0.0000, 0.0000,
        0.0000, 0.0000, 0.0000, 0.0000, 0.0000])
epoch [3/3], loss:0.0062
tensor([-0.0017, -0.0075, -0.0154, -0.0090, -0.0094, -0.0034, -0.0160, -0.0311,
        -0.0770, -0.0956, -0.1193, -0.0528, -0.0870, -0.0053,  0.1124,  0.8497,
         0.9444,  0.4506, -0.1042, -0.0178, -0.0604, -0.0961, -0.0717, -0.0652,
        -0.0472, -0.0181, -0.0134, -0.0047,  0.0016,  0.0091,  0.0050,  0.0024])
tensor([0.0000, 0.0000, 0.0000, 0.0000, 0.0000, 0.0000, 0.0000, 0.0000, 0.0000,
        0.0000, 0.0000, 0.0000, 0.0000, 0.0000, 0.0863, 0.9922, 0.9922, 0.4196,
        0.0000, 0.0000, 0.0000, 0.0000, 0.0000, 0.0000, 0.0000, 0.0000, 0.0000,
        0.0000, 0.0000, 0.0000, 0.0000, 0.0000])
time elapsed: 00:13:20.22
Training LeNet5...
initialize with weights!
tensor([9, 7, 5, 1, 4, 8, 1, 7, 0, 3], grad_fn=<SliceBackward>)
tensor([9, 7, 5, 1, 4, 8, 1, 7, 0, 3])
0.019999999552965164
0.14180000126361847
time elapsed: 00:00:06.89
RUNNING 2 of 5, n=1000--------------------------
Running flip 1--------------------------
Training autoencoder...
initialize with weights!
epoch [1/3], loss:0.0068
tensor([ 0.0031, -0.0139, -0.0120,  0.0192,  0.0240,  0.0185, -0.0276, -0.0232,
        -0.0374, -0.0819, -0.0710,  0.0521,  0.0532,  0.0873,  0.1340,  0.0066,
         0.0197,  0.0965,  0.1266,  0.5920,  1.0450,  1.0751,  1.0493,  0.7976,
         0.2562,  0.0901, -0.0219, -0.0200,  0.0102,  0.0115,  0.0117,  0.0024])
tensor([0.0000, 0.0000, 0.0000, 0.0000, 0.0000, 0.0000, 0.0000, 0.0000, 0.0000,
        0.0000, 0.0000, 0.0000, 0.0000, 0.0000, 0.0000, 0.0000, 0.0000, 0.0000,
        0.0000, 0.5333, 0.9882, 0.9882, 0.9922, 0.9882, 0.1843, 0.0000, 0.0000,
        0.0000, 0.0000, 0.0000, 0.0000, 0.0000])
epoch [2/3], loss:0.0063
tensor([ 1.1417e-02,  2.8325e-03, -5.5991e-03, -1.4010e-02, -9.6582e-03,
        -1.5492e-02,  2.1080e-02,  4.7616e-02,  4.8765e-02, -6.3614e-03,
         6.9203e-02,  5.0397e-01,  7.3711e-01,  5.9185e-01,  9.3644e-01,
         9.2457e-01,  6.9738e-01,  1.0654e+00,  1.2392e+00,  5.9571e-01,
         2.4242e-02,  3.2904e-02, -2.4191e-02,  7.1264e-03, -1.3394e-02,
        -5.9003e-02, -2.7263e-02, -3.3315e-02, -2.4111e-02, -6.7600e-03,
         4.4775e-04,  6.8659e-04])
tensor([0.0000, 0.0000, 0.0000, 0.0000, 0.0000, 0.0000, 0.0000, 0.0000, 0.0000,
        0.0000, 0.0000, 0.5412, 0.9490, 0.6745, 0.9922, 0.9961, 0.8314, 0.9529,
        0.9647, 0.1804, 0.0000, 0.0000, 0.0000, 0.0000, 0.0000, 0.0000, 0.0000,
        0.0000, 0.0000, 0.0000, 0.0000, 0.0000])
epoch [3/3], loss:0.0063
tensor([ 1.5210e-03,  1.7093e-03,  3.5216e-03, -1.2224e-02, -1.3194e-02,
         2.9620e-02,  4.6161e-02,  4.8017e-02,  9.2106e-02, -5.4292e-03,
         8.9541e-02,  6.3922e-02,  2.2671e-02, -5.1207e-03, -2.5023e-02,
         5.3660e-02,  4.3706e-02,  2.3490e-01,  6.4001e-01,  8.2283e-01,
         5.7689e-01,  1.0818e-01,  1.6118e-02, -5.8166e-02,  1.3766e-03,
         4.4857e-02, -1.0646e-02, -4.2904e-02, -2.3110e-02, -1.1570e-02,
        -5.8531e-03,  5.2669e-05])
tensor([0.0000, 0.0000, 0.0000, 0.0000, 0.0000, 0.0000, 0.0000, 0.0000, 0.0000,
        0.0000, 0.0000, 0.0000, 0.0000, 0.0000, 0.0000, 0.0000, 0.0000, 0.0353,
        0.8235, 0.9961, 0.7412, 0.0157, 0.0000, 0.0000, 0.0000, 0.0000, 0.0000,
        0.0000, 0.0000, 0.0000, 0.0000, 0.0000])
time elapsed: 00:13:15.82
Training LeNet5...
initialize with weights!
tensor([7, 0, 2, 8, 9, 8, 1, 1, 0, 2], grad_fn=<SliceBackward>)
tensor([7, 0, 2, 8, 9, 8, 1, 1, 0, 2])
0.017999999225139618
0.06889999657869339
time elapsed: 00:00:24.97
Running flip 2--------------------------
Training autoencoder...
initialize with weights!
epoch [1/3], loss:0.0070
tensor([ 8.9071e-03, -7.4402e-04, -1.9859e-02, -6.4842e-02, -1.5057e-01,
        -4.4127e-02,  1.6416e-01,  1.0026e+00,  1.0594e+00,  8.2845e-01,
         2.3457e-01,  7.6763e-02, -1.3609e-02,  3.0889e-03, -7.1070e-02,
        -1.7278e-01, -1.9555e-01, -1.0380e-01, -1.7241e-02, -1.7631e-02,
        -2.1546e-02,  3.7515e-02,  3.2177e-02, -6.8537e-02,  3.0727e-01,
         7.1373e-01,  5.9866e-01,  6.4239e-02, -4.5454e-02, -1.2013e-02,
        -1.4259e-02,  1.1925e-02])
tensor([0.0000, 0.0000, 0.0000, 0.0000, 0.0000, 0.0000, 0.0000, 0.9922, 0.9882,
        0.9882, 0.3294, 0.0000, 0.0000, 0.0000, 0.0000, 0.0000, 0.0000, 0.0000,
        0.0000, 0.0000, 0.0000, 0.0000, 0.0000, 0.0000, 0.2235, 0.9882, 0.9882,
        0.0000, 0.0000, 0.0000, 0.0000, 0.0000])
epoch [2/3], loss:0.0064
tensor([-1.2873e-03,  1.6165e-02,  1.8757e-02,  1.5458e-02, -3.5206e-03,
        -1.7863e-02,  2.2094e-02,  4.1968e-02,  4.0222e-02,  7.9306e-02,
         2.5473e-02, -8.0726e-02,  2.9100e-01,  8.9900e-01,  8.8761e-01,
         7.3411e-01,  7.8875e-01,  6.5897e-01,  3.7040e-01,  7.7639e-02,
        -1.3107e-01, -3.5141e-02, -5.7683e-02, -2.3145e-02, -6.1635e-04,
         8.6623e-04, -2.3434e-02, -5.5921e-03, -5.1622e-04,  4.0163e-03,
         3.6563e-03,  3.8990e-03])
tensor([0.0000, 0.0000, 0.0000, 0.0000, 0.0000, 0.0000, 0.0000, 0.0000, 0.0000,
        0.0000, 0.0000, 0.0000, 0.1137, 0.9882, 0.9882, 0.8431, 0.9569, 0.6627,
        0.3216, 0.0275, 0.0000, 0.0000, 0.0000, 0.0000, 0.0000, 0.0000, 0.0000,
        0.0000, 0.0000, 0.0000, 0.0000, 0.0000])
epoch [3/3], loss:0.0063
tensor([-1.2993e-02, -3.3990e-02, -3.6567e-02, -2.9891e-02, -5.7884e-02,
        -5.2989e-02, -1.7885e-02, -7.7276e-02,  1.5584e-02,  1.1832e-01,
         1.5247e-01,  1.2382e-01,  4.7583e-01,  6.7932e-01,  5.7293e-01,
         5.4728e-01,  5.7161e-01,  3.8338e-01,  7.2537e-01,  1.3665e+00,
         9.7229e-01,  5.5998e-01,  4.4594e-03, -1.4545e-01,  4.7830e-02,
         9.7080e-02,  2.3990e-02,  1.6459e-02, -2.1506e-02, -1.3800e-02,
         3.1033e-03,  1.1863e-03])
tensor([0.0000, 0.0000, 0.0000, 0.0000, 0.0000, 0.0000, 0.0000, 0.0000, 0.0000,
        0.0000, 0.0000, 0.1647, 0.5647, 0.5647, 0.5686, 0.5647, 0.5647, 0.5647,
        0.7490, 0.9882, 0.9882, 0.7451, 0.0000, 0.0000, 0.0000, 0.0000, 0.0000,
        0.0000, 0.0000, 0.0000, 0.0000, 0.0000])
time elapsed: 00:13:14.69
Training LeNet5...
initialize with weights!
Early stopping at Epoch 63, batch 32 of batchsize 32
tensor([7, 0, 2, 8, 9, 8, 1, 1, 0, 2], grad_fn=<SliceBackward>)
tensor([7, 0, 2, 8, 9, 8, 1, 1, 0, 2])
0.02199999988079071
0.07530000060796738
time elapsed: 00:00:16.26
Running flip 3--------------------------
Training autoencoder...
initialize with weights!
epoch [1/3], loss:0.0063
tensor([-0.0013, -0.0036, -0.0178, -0.0047,  0.0078, -0.0089, -0.0684, -0.0618,
        -0.0293,  0.2350,  0.6925,  0.7472,  0.4239, -0.1300, -0.2248, -0.0854,
         0.0328,  0.1503,  0.1190,  0.1699,  0.1092,  0.0785, -0.0089,  0.1068,
         0.0653,  0.0036,  0.1541,  0.2101,  0.0436,  0.0698,  0.0139,  0.0044])
tensor([0.0000, 0.0000, 0.0000, 0.0000, 0.0000, 0.0000, 0.0000, 0.0000, 0.0000,
        0.2863, 0.9843, 0.9843, 0.5569, 0.0000, 0.0000, 0.0000, 0.0000, 0.0000,
        0.0000, 0.0000, 0.0000, 0.0000, 0.0000, 0.0000, 0.0000, 0.0000, 0.0000,
        0.0000, 0.0000, 0.0000, 0.0000, 0.0000])
epoch [2/3], loss:0.0065
tensor([ 2.2975e-03,  3.8240e-03,  4.0679e-03,  9.3710e-03,  1.0651e-02,
        -1.5501e-02, -2.3063e-02, -2.7011e-02,  3.0919e-03,  6.5656e-03,
         7.1459e-02,  1.1237e-01,  6.3354e-02,  4.6868e-02,  6.6787e-01,
         9.1793e-01,  8.8646e-01,  7.3150e-01,  7.2565e-01,  1.2504e-01,
         4.3313e-02, -2.2242e-03, -6.1184e-03, -3.9455e-03,  6.4643e-04,
        -1.2968e-02, -4.4783e-03, -6.7352e-03,  2.1020e-03, -1.8232e-03,
         5.8642e-03,  5.4220e-03])
tensor([0.0000, 0.0000, 0.0000, 0.0000, 0.0000, 0.0000, 0.0000, 0.0000, 0.0000,
        0.0000, 0.0000, 0.0000, 0.0000, 0.0000, 0.7294, 0.9961, 0.9961, 0.9961,
        0.9961, 0.1176, 0.0000, 0.0000, 0.0000, 0.0000, 0.0000, 0.0000, 0.0000,
        0.0000, 0.0000, 0.0000, 0.0000, 0.0000])
epoch [3/3], loss:0.0064
tensor([ 0.0095,  0.0122,  0.0048,  0.0235, -0.0287, -0.0872, -0.0132,  0.1096,
        -0.0218,  0.0237,  0.0466, -0.0940, -0.1394, -0.0500,  0.0188, -0.0315,
        -0.0062,  0.1282,  1.0205,  1.0732,  0.4640,  0.3498,  0.3264,  0.0473,
         0.0325, -0.1181, -0.0509, -0.0714, -0.0411, -0.0153,  0.0059,  0.0075])
tensor([0.0000, 0.0000, 0.0000, 0.0000, 0.0000, 0.0000, 0.0000, 0.0000, 0.0000,
        0.0000, 0.0000, 0.0000, 0.0000, 0.0000, 0.0000, 0.0000, 0.0000, 0.2039,
        0.9882, 0.9569, 0.1922, 0.0706, 0.0353, 0.0000, 0.0000, 0.0000, 0.0000,
        0.0000, 0.0000, 0.0000, 0.0000, 0.0000])
time elapsed: 00:13:14.60
Training LeNet5...
initialize with weights!
Early stopping at Epoch 56, batch 32 of batchsize 32
tensor([7, 0, 2, 8, 9, 8, 1, 1, 0, 2], grad_fn=<SliceBackward>)
tensor([7, 0, 2, 8, 9, 8, 1, 1, 0, 2])
0.02500000037252903
0.07970000058412552
time elapsed: 00:00:14.64
Running flip 4--------------------------
Training autoencoder...
initialize with weights!
epoch [1/3], loss:0.0067
tensor([ 5.2163e-03, -7.9770e-04,  5.5771e-03,  2.0544e-02,  8.0358e-03,
        -5.9879e-02,  4.9943e-02,  4.4032e-01,  9.9099e-01,  6.4030e-01,
         2.3273e-02, -1.8581e-01, -6.4705e-02, -1.1916e-02, -1.1737e-01,
        -1.0407e-01, -1.1335e-01, -8.6771e-02,  4.9635e-02, -9.0521e-02,
        -3.1371e-01, -2.1845e-02,  1.0571e+00,  1.5942e+00,  1.4751e+00,
         5.6192e-01,  1.5799e-01,  1.2501e-01, -4.3900e-03,  4.2719e-02,
         1.6747e-02,  5.1924e-03])
tensor([0.0000, 0.0000, 0.0000, 0.0000, 0.0000, 0.0000, 0.0000, 0.3922, 0.9922,
        0.5490, 0.0000, 0.0000, 0.0000, 0.0000, 0.0000, 0.0000, 0.0000, 0.0000,
        0.0000, 0.0000, 0.0000, 0.0000, 0.8275, 0.9922, 0.9922, 0.1451, 0.0000,
        0.0000, 0.0000, 0.0000, 0.0000, 0.0000])
epoch [2/3], loss:0.0063
tensor([ 2.3499e-03, -5.0662e-04,  2.0536e-02,  5.5066e-02,  7.7939e-02,
         2.1085e-02, -5.7716e-03, -2.7412e-02,  6.4131e-02,  1.7990e-01,
         6.0794e-02, -1.6176e-02,  1.2408e-02,  3.9851e-02,  1.5828e-01,
         2.4054e-01,  1.8999e-01,  1.9979e-01,  6.0284e-01,  9.4079e-01,
         9.6922e-01,  2.1766e-01,  1.3033e-02, -7.5193e-02, -1.2927e-02,
         3.3975e-02, -3.8644e-03, -2.0027e-02, -2.1918e-02,  9.0264e-03,
         9.4956e-03,  6.8344e-03])
tensor([0.0000, 0.0000, 0.0000, 0.0000, 0.0000, 0.0000, 0.0000, 0.0000, 0.0000,
        0.0000, 0.0000, 0.0000, 0.0000, 0.0000, 0.0431, 0.2196, 0.3059, 0.1922,
        0.5412, 0.9961, 0.8275, 0.0000, 0.0000, 0.0000, 0.0000, 0.0000, 0.0000,
        0.0000, 0.0000, 0.0000, 0.0000, 0.0000])
epoch [3/3], loss:0.0062
tensor([ 0.0018,  0.0017,  0.0047, -0.0103, -0.0054, -0.0078,  0.0304,  0.0533,
         0.0020,  0.1040,  0.4240,  0.9294,  0.8359,  0.2744, -0.0864, -0.0766,
         0.4543,  1.0423,  1.3337,  1.2667,  1.2236,  0.9320,  0.8535,  0.5140,
         0.1067, -0.0862, -0.0458,  0.0051,  0.0159,  0.0038, -0.0042,  0.0054])
tensor([0.0000, 0.0000, 0.0000, 0.0000, 0.0000, 0.0000, 0.0000, 0.0000, 0.0000,
        0.0000, 0.2667, 0.9882, 0.9294, 0.0353, 0.0000, 0.1137, 0.6549, 0.9961,
        0.9961, 0.9961, 0.9961, 0.9961, 0.9961, 0.7961, 0.0196, 0.0000, 0.0000,
        0.0000, 0.0000, 0.0000, 0.0000, 0.0000])
time elapsed: 00:13:12.60
Training LeNet5...
initialize with weights!
Early stopping at Epoch 80, batch 32 of batchsize 32
tensor([7, 0, 2, 8, 9, 8, 1, 1, 0, 2], grad_fn=<SliceBackward>)
tensor([7, 0, 2, 8, 9, 8, 1, 1, 0, 2])
0.01899999938905239
0.06960000097751617
time elapsed: 00:00:20.34
Running flip 5--------------------------
Training autoencoder...
initialize with weights!
epoch [1/3], loss:0.0069
tensor([-0.0023, -0.0027, -0.0067, -0.0125, -0.0174, -0.0604, -0.0772, -0.0728,
        -0.0396, -0.0238, -0.0488,  0.0325,  0.0501, -0.0302,  0.3461,  0.9270,
         0.7582,  0.5957,  0.9792,  1.0027,  0.1393,  0.0480,  0.0345,  0.0290,
         0.0162,  0.0054,  0.0031, -0.0172, -0.0092, -0.0038,  0.0032,  0.0064])
tensor([0.0000, 0.0000, 0.0000, 0.0000, 0.0000, 0.0000, 0.0000, 0.0000, 0.0000,
        0.0000, 0.0000, 0.0000, 0.0000, 0.0000, 0.2980, 0.9529, 0.9922, 0.9922,
        0.9922, 0.7176, 0.0000, 0.0000, 0.0000, 0.0000, 0.0000, 0.0000, 0.0000,
        0.0000, 0.0000, 0.0000, 0.0000, 0.0000])
epoch [2/3], loss:0.0061
tensor([ 0.0119, -0.0221, -0.0457, -0.0152,  0.0224, -0.0420,  0.2277,  0.8137,
         1.0631,  1.0195,  0.3750,  0.0530, -0.0654,  0.0625,  0.0617,  0.0850,
         0.0191, -0.0420, -0.0016,  0.0778, -0.1192, -0.1461,  0.2076,  0.8007,
         0.8738,  0.5100,  0.1911,  0.1103,  0.0324,  0.0436,  0.0163,  0.0052])
tensor([0.0000, 0.0000, 0.0000, 0.0000, 0.0000, 0.0000, 0.2471, 0.9216, 0.9922,
        0.9922, 0.3529, 0.0000, 0.0000, 0.0000, 0.0000, 0.0000, 0.0000, 0.0000,
        0.0000, 0.0000, 0.0000, 0.0000, 0.2196, 0.9608, 0.9922, 0.4078, 0.0000,
        0.0000, 0.0000, 0.0000, 0.0000, 0.0000])
epoch [3/3], loss:0.0058
tensor([-8.9117e-03, -1.3978e-03, -4.0528e-04,  4.1688e-03,  2.3435e-02,
        -1.1964e-03, -1.4757e-02, -1.1873e-02, -4.6305e-02, -1.5655e-02,
         3.0664e-01,  7.7984e-01,  8.2820e-01,  9.8569e-01,  1.2427e+00,
         9.9675e-01,  7.4642e-01,  6.6853e-01,  1.2842e-01, -1.3510e-01,
        -7.8817e-02, -3.7749e-02,  2.0521e-02,  5.3233e-02,  5.4207e-03,
        -2.5303e-02, -8.3215e-03, -7.5183e-03,  1.2771e-02, -3.6443e-03,
         3.3431e-03,  4.3702e-03])
tensor([0.0000, 0.0000, 0.0000, 0.0000, 0.0000, 0.0000, 0.0000, 0.0000, 0.0000,
        0.0000, 0.5020, 1.0000, 1.0000, 1.0000, 1.0000, 1.0000, 0.5020, 0.5020,
        0.0000, 0.0000, 0.0000, 0.0000, 0.0000, 0.0000, 0.0000, 0.0000, 0.0000,
        0.0000, 0.0000, 0.0000, 0.0000, 0.0000])
time elapsed: 00:13:09.81
Training LeNet5...
initialize with weights!
Early stopping at Epoch 51, batch 32 of batchsize 32
tensor([7, 0, 2, 8, 9, 8, 1, 1, 0, 2], grad_fn=<SliceBackward>)
tensor([7, 0, 2, 8, 9, 8, 1, 1, 0, 2])
0.023000000044703484
0.07400000095367432
time elapsed: 00:00:13.39
RUNNING 3 of 5, n=4000--------------------------
Running flip 1--------------------------
Training autoencoder...
initialize with weights!
epoch [1/3], loss:0.0065
tensor([-4.9381e-03, -1.4354e-02, -1.8495e-02,  4.3384e-03, -3.1381e-03,
         7.8629e-02,  2.5359e-02,  4.2740e-02,  1.8515e-01,  1.7299e-01,
         2.0077e-01,  1.1715e-01,  3.1719e-02,  1.2133e-01,  2.4355e-02,
        -6.7232e-03, -8.7646e-04, -8.3285e-02,  2.5620e-01,  9.3668e-01,
         9.1916e-01,  1.7220e-01,  1.3075e-02,  3.4636e-02,  6.8267e-03,
         1.7121e-02,  1.8877e-02,  1.4869e-03,  2.1438e-02, -1.4267e-03,
         1.1281e-02,  6.8771e-03])
tensor([0.0000, 0.0000, 0.0000, 0.0000, 0.0000, 0.0000, 0.0000, 0.0000, 0.0000,
        0.0000, 0.0000, 0.0000, 0.0000, 0.0000, 0.0000, 0.0000, 0.0000, 0.0000,
        0.3098, 0.9922, 0.9922, 0.0196, 0.0000, 0.0000, 0.0000, 0.0000, 0.0000,
        0.0000, 0.0000, 0.0000, 0.0000, 0.0000])
epoch [2/3], loss:0.0058
tensor([-0.0016,  0.0097,  0.0053,  0.0097,  0.0075, -0.0352, -0.0328, -0.0269,
         0.0086,  0.0159, -0.0476,  0.0600,  0.5108,  0.9333,  0.5616,  0.1524,
        -0.0274,  0.0423,  0.2056,  0.4712,  0.5118,  0.7404,  0.5559,  0.1222,
        -0.0293,  0.0228, -0.0209, -0.0118,  0.0072,  0.0012,  0.0018,  0.0049])
tensor([0.0000, 0.0000, 0.0000, 0.0000, 0.0000, 0.0000, 0.0000, 0.0000, 0.0000,
        0.0000, 0.0000, 0.0000, 0.4471, 0.9961, 0.7725, 0.0000, 0.0000, 0.0000,
        0.0000, 0.4431, 0.5412, 0.9961, 0.6431, 0.0000, 0.0000, 0.0000, 0.0000,
        0.0000, 0.0000, 0.0000, 0.0000, 0.0000])
epoch [3/3], loss:0.0058
tensor([-1.6030e-03, -3.3929e-03, -3.1763e-03,  1.3329e-03,  3.1166e-03,
        -5.9139e-03,  1.0411e-02, -2.3620e-03,  5.8354e-02,  2.1623e-02,
         6.2654e-02,  2.3698e-01,  1.0160e+00,  1.3378e+00,  1.0084e+00,
         3.1956e-01,  3.1016e-01,  2.8837e-01,  2.0972e-01, -1.3089e-02,
        -2.6669e-01, -2.1792e-01,  2.4954e-02,  9.0161e-02,  5.3962e-02,
         6.9260e-02,  3.0800e-02,  1.2776e-02,  1.3601e-02,  2.7037e-03,
         9.2599e-03,  4.8618e-03])
tensor([0.0000, 0.0000, 0.0000, 0.0000, 0.0000, 0.0000, 0.0000, 0.0000, 0.0000,
        0.0000, 0.0000, 0.0000, 0.8510, 0.9961, 0.7137, 0.0745, 0.0000, 0.0000,
        0.0000, 0.0000, 0.0000, 0.0000, 0.0000, 0.0000, 0.0000, 0.0000, 0.0000,
        0.0000, 0.0000, 0.0000, 0.0000, 0.0000])
time elapsed: 00:13:10.24
Training LeNet5...
initialize with weights!
tensor([9, 9, 9, 9, 0, 7, 0, 7, 1, 5], grad_fn=<SliceBackward>)
tensor([9, 9, 9, 9, 0, 7, 0, 7, 1, 5])
0.006500000134110451
0.03449999913573265
time elapsed: 00:01:36.02
Running flip 2--------------------------
Training autoencoder...
initialize with weights!
epoch [1/3], loss:0.0066
tensor([-0.0059, -0.0149,  0.0018, -0.0015,  0.0372,  0.0236, -0.0260, -0.0297,
        -0.0107,  0.0296,  0.0041,  0.3461,  0.6218,  0.9719,  0.9963,  0.8891,
         0.5212,  0.0891, -0.0507, -0.1239,  0.0354,  0.0839, -0.0875, -0.0944,
        -0.0399,  0.0300,  0.1038,  0.0498,  0.0096, -0.0058,  0.0072,  0.0039])
tensor([0.0000, 0.0000, 0.0000, 0.0000, 0.0000, 0.0000, 0.0000, 0.0000, 0.0000,
        0.0000, 0.0157, 0.2118, 0.9451, 0.9922, 0.9922, 0.9922, 0.8392, 0.0549,
        0.0000, 0.0000, 0.0000, 0.0000, 0.0000, 0.0000, 0.0000, 0.0000, 0.0000,
        0.0000, 0.0000, 0.0000, 0.0000, 0.0000])
epoch [2/3], loss:0.0058
tensor([-1.5374e-03, -7.0255e-04,  4.0258e-03,  1.0691e-02,  8.7044e-03,
         7.9941e-03,  1.7781e-02,  4.8594e-03,  3.5293e-02, -2.2878e-02,
        -7.8011e-02, -5.9346e-02,  1.6569e-01,  9.0249e-01,  1.1663e+00,
         3.7310e-01, -9.7044e-02, -1.0206e-01,  2.0164e-01,  8.2304e-02,
         8.9043e-02,  4.8193e-02, -1.6444e-02, -1.0456e-01, -2.3835e-03,
         4.0678e-02, -2.6235e-03, -2.4918e-02, -1.5180e-02, -1.3043e-02,
        -3.2221e-03, -1.2476e-03])
tensor([0.0000, 0.0000, 0.0000, 0.0000, 0.0000, 0.0000, 0.0000, 0.0000, 0.0000,
        0.0000, 0.0000, 0.0000, 0.0000, 0.9922, 0.9882, 0.1843, 0.0000, 0.0000,
        0.0000, 0.0000, 0.0000, 0.0000, 0.0000, 0.0000, 0.0000, 0.0000, 0.0000,
        0.0000, 0.0000, 0.0000, 0.0000, 0.0000])
epoch [3/3], loss:0.0059
tensor([ 6.4460e-03,  3.8979e-03, -8.0486e-03,  1.5182e-03,  5.5837e-04,
        -6.2392e-03, -5.3141e-03, -4.6488e-03, -2.1523e-03, -1.1084e-02,
        -8.1271e-03,  2.5519e-02,  3.8386e-02,  4.1056e-02, -1.5678e-02,
         9.2780e-02,  5.8945e-01,  9.3361e-01,  6.2303e-01, -1.6991e-02,
        -8.2777e-03, -2.6320e-02, -4.1340e-02,  1.6120e-02,  3.2081e-02,
         1.4956e-02, -1.0303e-02, -1.4044e-02, -1.5095e-03, -3.8472e-03,
        -5.5300e-03, -1.4801e-03])
tensor([0.0000, 0.0000, 0.0000, 0.0000, 0.0000, 0.0000, 0.0000, 0.0000, 0.0000,
        0.0000, 0.0000, 0.0000, 0.0000, 0.0000, 0.0000, 0.0000, 0.6235, 0.9922,
        0.8275, 0.0863, 0.0000, 0.0000, 0.0000, 0.0000, 0.0000, 0.0000, 0.0000,
        0.0000, 0.0000, 0.0000, 0.0000, 0.0000])
time elapsed: 00:13:10.01
Training LeNet5...
initialize with weights!
tensor([9, 9, 9, 9, 0, 7, 0, 7, 1, 5], grad_fn=<SliceBackward>)
tensor([9, 9, 9, 9, 0, 7, 0, 7, 1, 5])
0.006500000134110451
0.03310000151395798
time elapsed: 00:01:36.35
Running flip 3--------------------------
Training autoencoder...
initialize with weights!
epoch [1/3], loss:0.0069
tensor([-0.0031, -0.0063, -0.0066, -0.0189, -0.0384, -0.0341, -0.0246, -0.0257,
        -0.0234,  0.0328,  0.4915,  0.9837,  0.8532,  0.1165, -0.0294,  0.0398,
         0.3696,  0.8664,  0.8520,  0.3528,  0.1213,  0.6371,  0.7302,  0.1887,
        -0.0767, -0.0423, -0.0296, -0.0127,  0.0010, -0.0135,  0.0037, -0.0042])
tensor([0.0000, 0.0000, 0.0000, 0.0000, 0.0000, 0.0000, 0.0000, 0.0000, 0.0000,
        0.0000, 0.3294, 0.9961, 0.9961, 0.2039, 0.0000, 0.0000, 0.2078, 0.9961,
        0.9961, 0.3255, 0.1255, 0.9961, 0.7569, 0.0000, 0.0000, 0.0000, 0.0000,
        0.0000, 0.0000, 0.0000, 0.0000, 0.0000])
epoch [2/3], loss:0.0058
tensor([ 6.2318e-03,  8.6019e-03,  2.2603e-02,  4.2978e-02,  3.9589e-02,
         1.4183e-03, -4.0906e-02, -7.7464e-02, -1.2725e-01, -2.3812e-01,
        -6.4089e-02,  1.4215e-01,  2.6379e-01,  2.7932e-01,  2.1812e-01,
         2.8532e-01,  5.1845e-01,  3.9765e-01,  8.2437e-01,  9.8602e-01,
         1.0781e+00,  7.5451e-01,  2.4634e-01,  6.8749e-02,  1.5382e-01,
         1.3324e-01,  1.1167e-01,  3.0154e-03,  1.0180e-02,  1.0897e-02,
         7.1342e-04, -2.2549e-03])
tensor([0.0000, 0.0000, 0.0000, 0.0000, 0.0000, 0.0000, 0.0000, 0.0000, 0.0000,
        0.0000, 0.0000, 0.1020, 0.1294, 0.1294, 0.1294, 0.3176, 0.3176, 0.2431,
        0.7294, 0.9922, 0.9922, 0.7412, 0.0392, 0.0000, 0.0000, 0.0000, 0.0000,
        0.0000, 0.0000, 0.0000, 0.0000, 0.0000])
epoch [3/3], loss:0.0059
tensor([ 0.0111,  0.0212,  0.0172,  0.0301,  0.0194,  0.0024, -0.0057,  0.3808,
         0.7905,  0.4008,  0.1224,  0.0487, -0.0823, -0.0224,  0.0500, -0.0453,
        -0.1213, -0.0676,  0.4193,  0.8867,  0.7076, -0.0225, -0.0638, -0.0711,
         0.0040,  0.0060,  0.0874,  0.0398,  0.0050,  0.0099,  0.0142, -0.0062])
tensor([0.0000, 0.0000, 0.0000, 0.0000, 0.0000, 0.0000, 0.0000, 0.6078, 0.9961,
        0.4588, 0.0000, 0.0000, 0.0000, 0.0000, 0.0000, 0.0000, 0.0000, 0.0000,
        0.3098, 0.9961, 0.9059, 0.0000, 0.0000, 0.0000, 0.0000, 0.0000, 0.0000,
        0.0000, 0.0000, 0.0000, 0.0000, 0.0000])
time elapsed: 00:13:10.87
Training LeNet5...
initialize with weights!
tensor([9, 9, 9, 9, 0, 7, 0, 7, 1, 5], grad_fn=<SliceBackward>)
tensor([9, 9, 9, 9, 0, 7, 0, 7, 1, 5])
0.005750000011175871
0.030799999833106995
time elapsed: 00:01:36.01
Running flip 4--------------------------
Training autoencoder...
initialize with weights!
epoch [1/3], loss:0.0069
tensor([ 0.0098,  0.0089,  0.0197,  0.0333,  0.0295,  0.0639,  0.1036,  0.0403,
         0.0433,  0.5691,  1.1394,  0.9942,  0.2301,  0.0074,  0.1240,  0.0577,
         0.1558,  0.0665, -0.0908,  0.2594,  0.7926,  0.7354,  0.1591,  0.0052,
         0.0372,  0.0244,  0.0101,  0.0236, -0.0106, -0.0128, -0.0058, -0.0050])
tensor([0.0000, 0.0000, 0.0000, 0.0000, 0.0000, 0.0000, 0.0000, 0.0000, 0.0000,
        0.6118, 0.9961, 0.8706, 0.1137, 0.0000, 0.0000, 0.0000, 0.0000, 0.0000,
        0.0000, 0.0588, 0.8941, 0.6627, 0.0000, 0.0000, 0.0000, 0.0000, 0.0000,
        0.0000, 0.0000, 0.0000, 0.0000, 0.0000])
epoch [2/3], loss:0.0062
tensor([ 3.4391e-03, -1.0385e-03,  9.5769e-03,  1.0417e-02,  2.0400e-03,
         1.8977e-04, -3.3188e-03, -4.3843e-02, -2.9699e-02, -3.4703e-02,
         7.3195e-02, -9.3556e-02, -2.7575e-01, -1.0138e-02,  1.5140e-01,
         2.6360e-01,  4.5530e-01,  6.1930e-01,  8.2378e-01,  8.9058e-01,
         1.1345e+00,  6.4537e-01,  1.2747e-01, -4.0737e-02, -4.2010e-02,
        -5.2397e-02, -4.8160e-02, -3.2255e-02, -1.3496e-02,  7.3154e-04,
         1.5113e-03, -3.2328e-04])
tensor([0.0000, 0.0000, 0.0000, 0.0000, 0.0000, 0.0000, 0.0000, 0.0000, 0.0000,
        0.0000, 0.0000, 0.0000, 0.0000, 0.0000, 0.0000, 0.0000, 0.3216, 0.7961,
        0.8745, 0.9961, 0.9922, 0.3216, 0.0000, 0.0000, 0.0000, 0.0000, 0.0000,
        0.0000, 0.0000, 0.0000, 0.0000, 0.0000])
epoch [3/3], loss:0.0059
tensor([ 3.2834e-05,  1.5974e-02,  6.7947e-03, -1.1669e-02, -5.5821e-03,
         2.1994e-02, -4.8967e-03, -2.7165e-04, -5.5114e-02,  1.0401e-01,
         9.0232e-01,  1.0919e+00,  4.2435e-01, -1.4731e-01,  1.4529e-01,
         4.4777e-01,  3.8627e-01,  8.1091e-01,  9.4684e-01,  1.1114e+00,
         1.0224e+00,  1.0310e+00,  7.5866e-01,  2.1515e-01,  5.0387e-02,
        -6.2387e-02, -8.9985e-02, -1.2122e-03,  6.3668e-02,  6.0224e-02,
         5.8612e-03, -2.1647e-03])
tensor([0.0000, 0.0000, 0.0000, 0.0000, 0.0000, 0.0000, 0.0000, 0.0000, 0.0000,
        0.2510, 1.0000, 1.0000, 0.7490, 0.0000, 0.0000, 0.5020, 0.5020, 1.0000,
        1.0000, 1.0000, 1.0000, 1.0000, 0.7490, 0.0000, 0.0000, 0.0000, 0.0000,
        0.0000, 0.0000, 0.0000, 0.0000, 0.0000])
time elapsed: 00:13:10.84
Training LeNet5...
initialize with weights!
tensor([9, 9, 9, 9, 0, 7, 0, 7, 1, 5], grad_fn=<SliceBackward>)
tensor([9, 9, 9, 9, 0, 7, 0, 7, 1, 5])
0.005499999970197678
0.03200000151991844
time elapsed: 00:01:36.15
Running flip 5--------------------------
Training autoencoder...
initialize with weights!
epoch [1/3], loss:0.0068
tensor([-1.2903e-03,  8.8798e-03,  1.2984e-02,  1.1078e-02,  7.5089e-03,
         1.3135e-03,  2.6600e-02,  3.8907e-03,  1.5515e-02, -2.6393e-02,
        -7.7212e-02, -1.7308e-01,  1.2940e-01,  5.3880e-01,  8.8335e-01,
         1.1837e+00,  1.0092e+00,  8.0310e-01,  1.2812e+00,  1.4805e+00,
         1.1475e+00,  4.7375e-01,  6.2737e-03,  2.0899e-03,  5.2198e-02,
        -1.3778e-03,  8.6556e-03, -1.5528e-02,  1.0394e-02, -3.3303e-03,
        -1.0693e-02,  3.0857e-03])
tensor([0.0000, 0.0000, 0.0000, 0.0000, 0.0000, 0.0000, 0.0000, 0.0000, 0.0000,
        0.0000, 0.0000, 0.0000, 0.0000, 0.3608, 0.9922, 0.9961, 0.9922, 0.7569,
        0.9137, 0.9961, 0.9922, 0.5569, 0.0000, 0.0000, 0.0000, 0.0000, 0.0000,
        0.0000, 0.0000, 0.0000, 0.0000, 0.0000])
epoch [2/3], loss:0.0060
tensor([-4.9547e-03, -2.7322e-03, -2.2347e-02, -6.3507e-03, -1.7317e-02,
         8.6772e-03, -4.1715e-02, -1.6480e-02,  8.9882e-02,  5.9654e-01,
         8.3237e-01,  1.0430e+00,  7.0860e-01,  2.3417e-01,  6.8541e-02,
         8.4110e-02,  1.0467e-01,  4.3160e-01,  7.4879e-01,  1.0863e+00,
         1.0233e+00,  1.1240e+00,  1.1745e+00,  1.0448e+00,  6.6585e-01,
         1.3150e-01,  8.8817e-02,  7.2569e-02,  2.6554e-02, -3.4928e-02,
        -1.0003e-04, -6.7117e-04])
tensor([0.0000, 0.0000, 0.0000, 0.0000, 0.0000, 0.0000, 0.0000, 0.0000, 0.0000,
        0.5725, 0.9843, 0.9922, 0.9922, 0.3373, 0.0000, 0.0000, 0.0000, 0.2039,
        0.6431, 0.9882, 0.9686, 0.9922, 0.9922, 0.9843, 0.8471, 0.0000, 0.0000,
        0.0000, 0.0000, 0.0000, 0.0000, 0.0000])
epoch [3/3], loss:0.0058
tensor([ 5.0845e-03,  1.3757e-02,  2.0137e-02, -4.3124e-03, -3.3216e-02,
        -7.3205e-02,  4.5726e-02,  9.0232e-03, -3.1183e-02, -5.7453e-02,
        -2.0868e-02, -6.3109e-02, -1.1324e-02,  1.3677e-01,  1.0327e-01,
         1.4936e-01,  1.8802e-01,  7.3924e-01,  1.2698e+00,  1.1282e+00,
         4.9540e-01,  7.6904e-02, -7.1293e-02, -3.9836e-02, -3.4248e-02,
        -6.1602e-02,  9.6653e-03, -1.8019e-03,  9.1388e-04, -1.1486e-03,
         5.5909e-03, -8.4373e-04])
tensor([0.0000, 0.0000, 0.0000, 0.0000, 0.0000, 0.0000, 0.0000, 0.0000, 0.0000,
        0.0000, 0.0000, 0.0000, 0.0000, 0.0000, 0.0000, 0.0000, 0.0000, 0.6667,
        1.0000, 1.0000, 0.4471, 0.0000, 0.0000, 0.0000, 0.0000, 0.0000, 0.0000,
        0.0000, 0.0000, 0.0000, 0.0000, 0.0000])
time elapsed: 00:13:10.57
Training LeNet5...
initialize with weights!
tensor([9, 9, 9, 9, 0, 7, 0, 7, 1, 5], grad_fn=<SliceBackward>)
tensor([9, 9, 9, 9, 0, 7, 0, 7, 1, 5])
0.004999999888241291
0.0348999984562397
time elapsed: 00:01:36.09
RUNNING 4 of 5, n=16000--------------------------
Running flip 1--------------------------
Training autoencoder...
initialize with weights!
epoch [1/3], loss:0.0063
tensor([ 0.0075,  0.0131,  0.0138,  0.0153,  0.0783,  0.0389, -0.0487,  0.1660,
         0.9113,  0.8594,  0.4826,  0.6118,  0.9012,  0.4045, -0.0165,  0.0677,
         0.0099,  0.0342,  0.0402,  0.0157,  0.0765,  0.7365,  0.9991,  0.4941,
        -0.0829, -0.0813, -0.0458, -0.0736, -0.0180,  0.0082,  0.0021, -0.0020])
tensor([0.0000, 0.0000, 0.0000, 0.0000, 0.0000, 0.0000, 0.0000, 0.0000, 0.8196,
        0.9882, 0.6392, 0.7765, 0.9882, 0.8157, 0.0000, 0.0000, 0.0000, 0.0000,
        0.0000, 0.0000, 0.2196, 0.9882, 0.9882, 0.3882, 0.0000, 0.0000, 0.0000,
        0.0000, 0.0000, 0.0000, 0.0000, 0.0000])
epoch [2/3], loss:0.0057
tensor([-4.2867e-03, -5.5457e-03, -8.4491e-04,  1.5035e-02,  3.9276e-02,
         5.1851e-02,  1.4440e-02, -8.9069e-02, -1.8592e-02, -1.4513e-02,
        -1.2200e-01, -4.5693e-03,  3.5829e-01,  7.2190e-01,  7.8823e-01,
         8.5506e-01,  7.1681e-01,  9.0671e-01,  9.7902e-01,  1.0220e+00,
         1.0059e+00,  8.0776e-01,  2.8387e-01, -5.1626e-03, -7.1330e-02,
        -2.2109e-01, -1.7496e-01, -1.4234e-01, -7.3055e-02,  1.2174e-02,
         3.4393e-03, -2.8181e-03])
tensor([0.0000, 0.0000, 0.0000, 0.0000, 0.0000, 0.0000, 0.0000, 0.0000, 0.0000,
        0.0000, 0.0000, 0.0000, 0.5294, 0.9922, 0.9922, 1.0000, 0.9922, 0.9922,
        0.9922, 1.0000, 0.9922, 0.9922, 0.4235, 0.0000, 0.0000, 0.0000, 0.0000,
        0.0000, 0.0000, 0.0000, 0.0000, 0.0000])
epoch [3/3], loss:0.0057
tensor([-9.0445e-04,  2.2523e-03,  7.4132e-04, -8.5434e-03, -1.1541e-02,
        -2.0276e-02, -1.2978e-02, -1.1499e-02, -3.0823e-02, -8.4137e-02,
        -1.3711e-01, -1.2048e-01,  1.2704e-01,  4.2343e-01,  6.5117e-01,
         1.1360e+00,  1.1752e+00,  7.1101e-01,  2.4358e-01,  1.8238e-01,
         1.0673e-01, -6.6619e-02, -9.5336e-02, -5.1301e-03,  5.3186e-02,
        -1.6753e-02, -2.1194e-04, -4.4468e-03, -1.8450e-03,  1.0073e-02,
         1.1141e-02, -3.3027e-03])
tensor([0.0000, 0.0000, 0.0000, 0.0000, 0.0000, 0.0000, 0.0000, 0.0000, 0.0000,
        0.0000, 0.0000, 0.0000, 0.0000, 0.3843, 0.9294, 0.9922, 0.9922, 0.7725,
        0.3059, 0.0000, 0.0000, 0.0000, 0.0000, 0.0000, 0.0000, 0.0000, 0.0000,
        0.0000, 0.0000, 0.0000, 0.0000, 0.0000])
time elapsed: 00:13:22.76
Training LeNet5...
initialize with weights!
tensor([1, 6, 6, 9, 9, 6, 3, 7, 6, 8], grad_fn=<SliceBackward>)
tensor([1, 6, 6, 9, 9, 6, 3, 7, 6, 8])
0.0026875000912696123
0.015399999916553497
time elapsed: 00:06:32.31
Running flip 2--------------------------
Training autoencoder...
initialize with weights!
epoch [1/3], loss:0.0070
tensor([ 0.0054,  0.0104,  0.0151,  0.0080, -0.0325, -0.0231, -0.0043,  0.0058,
        -0.0135, -0.0411, -0.0553,  0.0295,  0.0019, -0.0295, -0.0077,  0.0108,
        -0.0812,  0.1092,  0.2449,  0.7734,  0.9369,  1.0114,  0.6118,  0.1929,
         0.0422,  0.0108, -0.0124,  0.0053, -0.0127, -0.0047, -0.0044, -0.0026])
tensor([0.0000, 0.0000, 0.0000, 0.0000, 0.0000, 0.0000, 0.0000, 0.0000, 0.0000,
        0.0000, 0.0000, 0.0000, 0.0000, 0.0000, 0.0000, 0.0000, 0.0000, 0.0000,
        0.0000, 0.5294, 0.9922, 0.9922, 0.7294, 0.0000, 0.0000, 0.0000, 0.0000,
        0.0000, 0.0000, 0.0000, 0.0000, 0.0000])
epoch [2/3], loss:0.0063
tensor([ 2.5047e-02,  1.4847e-02, -6.3249e-04,  2.9740e-02,  1.3867e-02,
        -2.8641e-02, -5.5048e-02,  1.7180e-01,  6.8579e-01,  8.6492e-01,
         8.4048e-01,  6.0408e-01,  1.3060e-02,  1.2069e-01,  3.8722e-01,
         8.1115e-01,  1.3520e+00,  1.1303e+00,  5.0751e-01,  2.3340e-01,
         2.2864e-01,  1.3231e-02, -4.3879e-02,  9.4018e-03,  7.2196e-02,
         4.1977e-02,  3.6686e-02,  4.1218e-03, -6.2155e-03,  5.5287e-03,
        -2.9491e-03, -3.7791e-03])
tensor([0.0000, 0.0000, 0.0000, 0.0000, 0.0000, 0.0000, 0.0000, 0.2588, 0.8706,
        0.9961, 0.9961, 0.5608, 0.0235, 0.3843, 0.4314, 0.6039, 0.8392, 0.8392,
        0.6706, 0.5294, 0.2157, 0.0078, 0.0000, 0.0000, 0.0000, 0.0000, 0.0000,
        0.0000, 0.0000, 0.0000, 0.0000, 0.0000])
epoch [3/3], loss:0.0061
tensor([ 0.0057,  0.0117,  0.0358,  0.0297,  0.0120,  0.0063, -0.0035, -0.0455,
        -0.0810, -0.0266,  0.3346,  0.9268,  1.0060,  1.1257,  0.8867,  0.2251,
         0.0185, -0.0900, -0.0411,  0.0116,  0.1134,  0.0217,  0.2737,  0.6957,
         0.8150,  0.4076,  0.0229, -0.0979, -0.0053,  0.0393,  0.0466,  0.0279])
tensor([0.0000, 0.0000, 0.0000, 0.0000, 0.0000, 0.0000, 0.0000, 0.0000, 0.0000,
        0.0000, 0.3373, 0.9765, 0.9922, 0.9922, 0.9059, 0.2745, 0.0196, 0.0000,
        0.0000, 0.0000, 0.0000, 0.0000, 0.0000, 0.4353, 0.9922, 0.6863, 0.2353,
        0.0000, 0.0000, 0.0000, 0.0000, 0.0000])
time elapsed: 00:13:20.36
Training LeNet5...
initialize with weights!
tensor([1, 6, 6, 9, 9, 6, 3, 7, 6, 8], grad_fn=<SliceBackward>)
tensor([1, 6, 6, 9, 9, 6, 3, 7, 6, 8])
0.0021875000093132257
0.014999999664723873
time elapsed: 00:06:27.74
Running flip 3--------------------------
Training autoencoder...
initialize with weights!
epoch [1/3], loss:0.0065
tensor([ 9.9413e-03,  7.8189e-03,  1.7571e-02,  2.7284e-02,  3.8491e-02,
         7.7785e-02,  7.8414e-02,  8.1354e-02,  2.0335e-02, -6.1777e-02,
         1.6534e-01,  3.7445e-01,  9.1918e-01,  1.0770e+00,  7.3027e-01,
         7.8461e-01,  5.1477e-01,  1.8761e-01,  1.4121e-01,  8.8329e-02,
         1.0292e-01,  1.4518e-02,  7.0417e-02,  1.8006e-01,  2.1193e-01,
         1.2885e-01,  6.8299e-02,  3.5363e-02,  1.3695e-02,  9.8415e-03,
         1.5450e-03, -2.9749e-04])
tensor([0.0000, 0.0000, 0.0000, 0.0000, 0.0000, 0.0000, 0.0000, 0.0000, 0.0000,
        0.0000, 0.0588, 0.2824, 0.9922, 0.9922, 0.9922, 0.9922, 0.6980, 0.2235,
        0.2353, 0.2392, 0.0431, 0.0000, 0.0000, 0.0000, 0.0000, 0.0000, 0.0000,
        0.0000, 0.0000, 0.0000, 0.0000, 0.0000])
epoch [2/3], loss:0.0060
tensor([-8.3454e-04,  1.1553e-03,  9.9011e-03,  2.1360e-02,  2.6864e-02,
         3.7180e-02,  3.0622e-02,  1.7621e-02,  5.1644e-03,  1.2600e-02,
        -2.9949e-02,  4.7214e-02,  6.9010e-02,  1.3959e-02,  1.7584e-01,
         8.1536e-01,  1.2923e+00,  1.2520e+00,  1.0418e+00,  5.2660e-01,
         1.3849e-01,  1.2564e-01,  1.0581e-02, -1.3079e-02,  3.3320e-03,
         3.5201e-03, -1.6005e-04,  3.2840e-03, -1.0407e-02, -1.4273e-02,
        -4.0190e-03, -3.4437e-03])
tensor([0.0000, 0.0000, 0.0000, 0.0000, 0.0000, 0.0000, 0.0000, 0.0000, 0.0000,
        0.0000, 0.0000, 0.0000, 0.0000, 0.0000, 0.0000, 0.8510, 0.9922, 0.9922,
        0.9922, 0.5843, 0.0000, 0.0000, 0.0000, 0.0000, 0.0000, 0.0000, 0.0000,
        0.0000, 0.0000, 0.0000, 0.0000, 0.0000])
epoch [3/3], loss:0.0057
tensor([ 0.0057,  0.0085,  0.0125,  0.0128,  0.0031, -0.0023, -0.0143, -0.0598,
        -0.0679, -0.0456, -0.0399, -0.0539, -0.0759, -0.0513, -0.0948,  0.3095,
         0.7740,  0.9462,  0.9945,  0.6013,  0.1525, -0.0131,  0.0102, -0.0216,
        -0.0546, -0.0591, -0.0083,  0.0050,  0.0011, -0.0106, -0.0011, -0.0025])
tensor([0.0000, 0.0000, 0.0000, 0.0000, 0.0000, 0.0000, 0.0000, 0.0000, 0.0000,
        0.0000, 0.0000, 0.0000, 0.0000, 0.0000, 0.0000, 0.5333, 0.9843, 0.9922,
        0.9843, 0.6118, 0.0353, 0.0000, 0.0000, 0.0000, 0.0000, 0.0000, 0.0000,
        0.0000, 0.0000, 0.0000, 0.0000, 0.0000])
time elapsed: 00:13:20.50
Training LeNet5...
initialize with weights!
tensor([1, 6, 6, 9, 9, 6, 3, 7, 6, 8], grad_fn=<SliceBackward>)
tensor([1, 6, 6, 9, 9, 6, 3, 7, 6, 8])
0.0021250001154839993
0.014299999922513962
time elapsed: 00:06:27.37
Running flip 4--------------------------
Training autoencoder...
initialize with weights!
epoch [1/3], loss:0.0067
tensor([-0.0021, -0.0079, -0.0021, -0.0186,  0.0032, -0.0078, -0.0716, -0.0046,
         0.0129,  0.0568,  0.5164,  0.9110,  0.8886,  0.6147,  0.2825, -0.0338,
        -0.0583,  0.1104,  0.1850,  0.0935,  0.0131, -0.1440,  0.0917,  0.7166,
         0.6511,  0.1311,  0.0626,  0.0295, -0.0442, -0.0342,  0.0079, -0.0038])
tensor([0.0000, 0.0000, 0.0000, 0.0000, 0.0000, 0.0000, 0.0000, 0.0000, 0.0000,
        0.0000, 0.4588, 0.9961, 0.9961, 0.9961, 0.4549, 0.0000, 0.0000, 0.0000,
        0.0000, 0.0000, 0.0000, 0.0000, 0.1294, 0.9020, 0.7529, 0.0000, 0.0000,
        0.0000, 0.0000, 0.0000, 0.0000, 0.0000])
epoch [2/3], loss:0.0058
tensor([ 1.1397e-03,  2.2747e-03,  1.0477e-02,  4.6612e-03,  2.1917e-02,
         1.7291e-02,  2.6664e-02,  2.8381e-02,  4.7655e-02,  2.6439e-02,
         1.2206e-02,  1.2048e-02,  5.5072e-02,  1.5694e-02,  3.0908e-02,
         2.5454e-01,  7.6414e-01,  8.4021e-01,  2.0357e-01, -4.8092e-02,
         5.6308e-02,  6.7689e-02, -2.8992e-02, -3.6478e-02,  4.1258e-02,
         2.1949e-02,  2.5947e-02,  8.6109e-03,  1.1520e-02,  7.8082e-03,
         8.0642e-04,  1.4856e-03])
tensor([0.0000, 0.0000, 0.0000, 0.0000, 0.0000, 0.0000, 0.0000, 0.0000, 0.0000,
        0.0000, 0.0000, 0.0000, 0.0000, 0.0000, 0.0000, 0.1804, 0.8824, 0.9451,
        0.1333, 0.0000, 0.0000, 0.0000, 0.0000, 0.0000, 0.0000, 0.0000, 0.0000,
        0.0000, 0.0000, 0.0000, 0.0000, 0.0000])
epoch [3/3], loss:0.0057
tensor([ 0.0059, -0.0022, -0.0104, -0.0111, -0.0190, -0.0233, -0.0171, -0.0535,
        -0.0291, -0.0233,  0.0697,  0.3453,  0.1748, -0.0876, -0.2134, -0.1298,
        -0.0059, -0.0774, -0.0866,  0.3202,  0.7128,  0.4418,  0.0307,  0.0093,
        -0.0073,  0.0220,  0.0358, -0.0044,  0.0047, -0.0016,  0.0056, -0.0034])
tensor([0.0000, 0.0000, 0.0000, 0.0000, 0.0000, 0.0000, 0.0000, 0.0000, 0.0000,
        0.0000, 0.0000, 0.7294, 0.3882, 0.0000, 0.0000, 0.0000, 0.0000, 0.0000,
        0.0000, 0.3647, 0.9961, 0.1490, 0.0000, 0.0000, 0.0000, 0.0000, 0.0000,
        0.0000, 0.0000, 0.0000, 0.0000, 0.0000])
time elapsed: 00:13:22.29
Training LeNet5...
initialize with weights!
tensor([1, 6, 6, 9, 9, 6, 3, 7, 6, 8], grad_fn=<SliceBackward>)
tensor([1, 6, 6, 9, 9, 6, 3, 7, 6, 8])
0.0024999999441206455
0.015799999237060547
time elapsed: 00:06:22.20
Running flip 5--------------------------
Training autoencoder...
initialize with weights!
epoch [1/3], loss:0.0070
tensor([ 3.1856e-03,  5.9503e-04,  9.9464e-03,  2.0242e-02,  3.6604e-02,
         3.7964e-02,  5.3464e-02,  3.7989e-02,  9.0056e-02,  6.9301e-02,
        -1.1114e-01,  7.9030e-03,  5.2110e-01,  8.9741e-01,  7.4337e-01,
         2.8109e-01,  4.1444e-02,  4.1309e-02,  3.1664e-02,  2.3575e-01,
         4.3622e-01,  2.5030e-01,  5.2176e-02, -7.3932e-02,  4.4730e-02,
         5.4119e-02, -1.0653e-02, -8.3943e-03,  1.0242e-02,  2.1308e-02,
         6.3114e-03,  5.8222e-03])
tensor([0.0000, 0.0000, 0.0000, 0.0000, 0.0000, 0.0000, 0.0000, 0.0000, 0.0000,
        0.0000, 0.0000, 0.0000, 0.4118, 0.9686, 0.9765, 0.2157, 0.0000, 0.0000,
        0.0000, 0.0510, 0.0353, 0.0000, 0.0000, 0.0000, 0.0000, 0.0000, 0.0000,
        0.0000, 0.0000, 0.0000, 0.0000, 0.0000])
epoch [2/3], loss:0.0067
tensor([-0.0041, -0.0046,  0.0027,  0.0056,  0.0226,  0.0021, -0.0115, -0.0418,
        -0.0128,  0.0264,  0.0441,  0.0897,  0.2193,  0.4019,  0.5962,  0.7620,
         0.6704,  0.2371, -0.1063, -0.0357, -0.0709, -0.1174, -0.0993, -0.0835,
        -0.0037,  0.0427, -0.0043, -0.0090, -0.0035,  0.0099,  0.0030, -0.0016])
tensor([0.0000, 0.0000, 0.0000, 0.0000, 0.0000, 0.0000, 0.0000, 0.0000, 0.0000,
        0.0000, 0.0000, 0.0000, 0.0000, 0.0000, 0.4627, 0.9961, 0.6471, 0.0353,
        0.0000, 0.0000, 0.0000, 0.0000, 0.0000, 0.0000, 0.0000, 0.0000, 0.0000,
        0.0000, 0.0000, 0.0000, 0.0000, 0.0000])
epoch [3/3], loss:0.0066
tensor([ 0.0137,  0.0193,  0.0242,  0.0109,  0.0035, -0.0104,  0.0396,  0.0498,
        -0.0334,  0.0933,  0.4204,  0.9270,  0.9273,  0.6076,  0.3124,  0.4710,
         0.7738,  1.0209,  0.7951,  0.5972,  0.2080,  0.1258,  0.0530,  0.0655,
         0.0450,  0.0041,  0.0371,  0.0114, -0.0020, -0.0120,  0.0010,  0.0033])
tensor([0.0000, 0.0000, 0.0000, 0.0000, 0.0000, 0.0000, 0.0000, 0.0000, 0.0000,
        0.0000, 0.2431, 0.9961, 0.8980, 0.2824, 0.1059, 0.3686, 0.7059, 0.9216,
        0.8431, 0.9961, 0.4118, 0.0000, 0.0000, 0.0000, 0.0000, 0.0000, 0.0000,
        0.0000, 0.0000, 0.0000, 0.0000, 0.0000])
time elapsed: 00:13:13.32
Training LeNet5...
initialize with weights!
tensor([1, 6, 6, 9, 9, 6, 3, 7, 6, 8], grad_fn=<SliceBackward>)
tensor([1, 6, 6, 9, 9, 6, 3, 7, 6, 8])
0.0022499999031424522
0.016599999740719795
time elapsed: 00:06:22.88
RUNNING 5 of 5, n=60000--------------------------
Running flip 1--------------------------
Training autoencoder...
initialize with weights!
epoch [1/3], loss:0.0071
tensor([ 0.0036,  0.0064,  0.0059, -0.0042, -0.0072,  0.0109, -0.0185,  0.0258,
         0.1106,  0.0852,  0.1922,  0.9211,  0.6295, -0.0797,  0.0906,  0.0778,
         0.4581,  1.1622,  0.8504,  0.2437,  0.0706,  0.0574,  0.0648,  0.0710,
         0.0168, -0.0014,  0.0048,  0.0092,  0.0015, -0.0075,  0.0025,  0.0048])
tensor([0.0000, 0.0000, 0.0000, 0.0000, 0.0000, 0.0000, 0.0000, 0.0000, 0.0000,
        0.0000, 0.0000, 0.9961, 0.7765, 0.0000, 0.0000, 0.0000, 0.4157, 0.9922,
        0.4980, 0.0000, 0.0000, 0.0000, 0.0000, 0.0000, 0.0000, 0.0000, 0.0000,
        0.0000, 0.0000, 0.0000, 0.0000, 0.0000])
epoch [2/3], loss:0.0063
tensor([-0.0078, -0.0081, -0.0087, -0.0060, -0.0116, -0.0257, -0.0169, -0.0111,
        -0.0075,  0.0122,  0.0031,  0.0560,  0.0418, -0.0348,  0.1092,  0.6158,
         1.0832,  0.9638,  0.4354,  0.0591, -0.1640, -0.0074,  0.0896,  0.0528,
         0.0254, -0.0085, -0.0088, -0.0167, -0.0205, -0.0076, -0.0060,  0.0022])
tensor([0.0000, 0.0000, 0.0000, 0.0000, 0.0000, 0.0000, 0.0000, 0.0000, 0.0000,
        0.0000, 0.0000, 0.0000, 0.0000, 0.0000, 0.0078, 0.6235, 0.9922, 0.9922,
        0.5686, 0.0157, 0.0000, 0.0000, 0.0000, 0.0000, 0.0000, 0.0000, 0.0000,
        0.0000, 0.0000, 0.0000, 0.0000, 0.0000])
epoch [3/3], loss:0.0062
tensor([ 0.0008, -0.0048, -0.0046, -0.0045, -0.0095, -0.0058,  0.0226,  0.0523,
        -0.0135,  0.0166,  0.3064,  0.7001,  0.4880,  0.1342, -0.0306, -0.0513,
         0.0129,  0.2073,  0.7723,  0.6503, -0.0482, -0.0333, -0.1016, -0.1425,
        -0.0828, -0.0339,  0.0073,  0.0145,  0.0111,  0.0129,  0.0053,  0.0022])
tensor([0.0000, 0.0000, 0.0000, 0.0000, 0.0000, 0.0000, 0.0000, 0.0000, 0.0000,
        0.0000, 0.2314, 0.9961, 0.4275, 0.0000, 0.0000, 0.0000, 0.0000, 0.1176,
        0.9961, 0.9098, 0.0000, 0.0000, 0.0000, 0.0000, 0.0000, 0.0000, 0.0000,
        0.0000, 0.0000, 0.0000, 0.0000, 0.0000])
time elapsed: 00:13:10.42
Training LeNet5...
initialize with weights!
tensor([3, 6, 0, 9, 9, 7, 2, 3, 3, 8], grad_fn=<SliceBackward>)
tensor([3, 6, 0, 9, 9, 7, 2, 3, 3, 8])
0.0013833333505317569
0.009700000286102295
time elapsed: 00:23:54.04
Running flip 2--------------------------
Training autoencoder...
initialize with weights!
epoch [1/3], loss:0.0070
tensor([-1.9426e-03, -4.2722e-03,  9.9202e-03,  1.6063e-02,  4.7862e-03,
         2.3247e-02, -1.7210e-02, -3.8697e-02, -4.3219e-02, -3.1233e-02,
         2.1800e-03, -4.7919e-02, -7.1305e-02, -2.7608e-02, -1.0264e-01,
         3.7094e-01,  1.0134e+00,  9.3249e-01,  2.5103e-01, -5.1069e-03,
        -5.1367e-02, -2.3533e-02,  4.9313e-03,  2.2727e-02,  6.8800e-04,
        -1.9943e-02, -3.2442e-03, -2.4235e-03, -3.2459e-03, -2.4207e-03,
        -2.6308e-04,  2.9039e-03])
tensor([0.0000, 0.0000, 0.0000, 0.0000, 0.0000, 0.0000, 0.0000, 0.0000, 0.0000,
        0.0000, 0.0000, 0.0000, 0.0000, 0.0000, 0.0000, 0.5647, 0.9922, 0.7255,
        0.0000, 0.0000, 0.0000, 0.0000, 0.0000, 0.0000, 0.0000, 0.0000, 0.0000,
        0.0000, 0.0000, 0.0000, 0.0000, 0.0000])
epoch [2/3], loss:0.0062
tensor([-1.5923e-05, -4.3838e-03, -1.4590e-03, -7.7809e-03, -9.9209e-03,
        -1.4740e-02,  1.9663e-02, -4.2623e-02, -1.1882e-01, -1.1272e-01,
         7.0656e-03,  8.2911e-02,  2.8516e-02,  1.6447e-02, -8.2289e-02,
        -1.1169e-01,  2.5273e-02,  5.9094e-01,  1.0271e+00,  6.2361e-01,
         1.7051e-03, -1.6704e-01, -1.4568e-02,  2.8515e-02,  2.0222e-04,
        -2.1540e-02, -2.6766e-03, -2.9799e-03, -1.4048e-03,  3.8319e-03,
         7.6596e-03,  5.0848e-03])
tensor([0.0000, 0.0000, 0.0000, 0.0000, 0.0000, 0.0000, 0.0000, 0.0000, 0.0000,
        0.0000, 0.0000, 0.0000, 0.0000, 0.0000, 0.0000, 0.0000, 0.0000, 0.2667,
        0.9882, 0.6745, 0.0314, 0.0000, 0.0000, 0.0000, 0.0000, 0.0000, 0.0000,
        0.0000, 0.0000, 0.0000, 0.0000, 0.0000])
epoch [3/3], loss:0.0063
tensor([ 1.0963e-02,  9.8998e-04,  1.0058e-02,  2.8364e-02,  1.1872e-02,
        -9.4948e-04, -1.0289e-01, -6.0519e-02, -6.3152e-02,  2.2228e-02,
         3.3521e-01,  6.5512e-01,  7.5555e-01,  8.4343e-01,  9.6130e-01,
         8.4192e-01,  5.5760e-01,  6.3117e-01,  1.1154e+00,  9.2419e-01,
         2.8585e-01, -4.3467e-02, -4.9453e-02, -5.2910e-02, -4.1753e-02,
        -1.8138e-02,  1.1001e-02, -2.4281e-03, -1.5944e-03, -7.4841e-03,
         6.9630e-03,  3.1691e-03])
tensor([0.0000, 0.0000, 0.0000, 0.0000, 0.0000, 0.0000, 0.0000, 0.0000, 0.0000,
        0.0000, 0.3569, 0.8627, 0.9922, 0.9922, 0.7843, 0.4980, 0.3686, 0.9922,
        0.9922, 0.9176, 0.2157, 0.0000, 0.0000, 0.0000, 0.0000, 0.0000, 0.0000,
        0.0000, 0.0000, 0.0000, 0.0000, 0.0000])
time elapsed: 00:13:13.88
Training LeNet5...
initialize with weights!
tensor([3, 6, 0, 9, 9, 7, 2, 3, 3, 8], grad_fn=<SliceBackward>)
tensor([3, 6, 0, 9, 9, 7, 2, 3, 3, 8])
0.0013000000035390258
0.008999999612569809
time elapsed: 00:23:55.41
Running flip 3--------------------------
Training autoencoder...
initialize with weights!
epoch [1/3], loss:0.0068
tensor([ 1.4335e-02, -1.0092e-02, -2.4895e-02, -3.1543e-02, -5.2453e-02,
        -6.4841e-02, -3.6700e-02, -3.9009e-02, -2.1378e-03,  2.5807e-02,
         1.1906e-01,  1.9199e-01,  1.0507e-01,  4.0057e-02,  9.1156e-02,
         6.7706e-02,  1.5137e-01,  4.7776e-02, -7.0507e-02,  3.7551e-01,
         9.3936e-01,  1.0823e+00,  9.1700e-01,  1.6195e-01, -1.4176e-04,
         1.2953e-02, -2.2632e-02,  4.2214e-03,  3.4023e-02,  2.0162e-02,
         7.9726e-03, -1.0665e-03])
tensor([0.0000, 0.0000, 0.0000, 0.0000, 0.0000, 0.0000, 0.0000, 0.0000, 0.0000,
        0.0000, 0.0000, 0.0000, 0.0000, 0.0000, 0.0000, 0.0000, 0.0000, 0.0000,
        0.0000, 0.2863, 0.9961, 0.9961, 0.9176, 0.1059, 0.0000, 0.0000, 0.0000,
        0.0000, 0.0000, 0.0000, 0.0000, 0.0000])
epoch [2/3], loss:0.0056
tensor([ 0.0019, -0.0086, -0.0073, -0.0089, -0.0010, -0.0443, -0.0270, -0.0209,
         0.0947,  0.0353, -0.0303,  0.0584,  0.0589,  0.0748,  0.0128, -0.0866,
         0.0085,  0.2285,  0.6285,  0.2984, -0.1034, -0.0275,  0.0151, -0.0014,
        -0.0091, -0.0034, -0.0246, -0.0357, -0.0128, -0.0044,  0.0029, -0.0022])
tensor([0.0000, 0.0000, 0.0000, 0.0000, 0.0000, 0.0000, 0.0000, 0.0000, 0.0000,
        0.0000, 0.0000, 0.0000, 0.0000, 0.0000, 0.0000, 0.0000, 0.0000, 0.0000,
        0.7961, 0.3804, 0.0000, 0.0000, 0.0000, 0.0000, 0.0000, 0.0000, 0.0000,
        0.0000, 0.0000, 0.0000, 0.0000, 0.0000])
epoch [3/3], loss:0.0055
tensor([ 9.7536e-04, -6.8363e-03, -2.7564e-02, -8.4628e-02, -1.1563e-01,
        -1.0142e-01,  2.0352e-01,  6.8650e-01,  7.7567e-01,  7.8980e-01,
         5.7244e-01,  7.2606e-01,  6.3376e-01,  5.6424e-01,  3.8080e-01,
        -6.5271e-02, -1.8563e-01,  3.3021e-03,  1.2323e-01,  8.3909e-01,
         1.0268e+00,  1.1276e+00,  6.8967e-01,  4.7741e-04, -7.2860e-03,
         1.3600e-02,  4.1528e-03,  9.0587e-03, -8.1328e-03, -2.4327e-03,
         6.1959e-03, -2.1423e-03])
tensor([0.0000, 0.0000, 0.0000, 0.0000, 0.0000, 0.0000, 0.4941, 0.9961, 0.9961,
        0.9961, 0.9961, 0.9961, 0.9961, 0.8980, 0.4235, 0.0000, 0.0000, 0.0000,
        0.0157, 0.7647, 0.9961, 0.9961, 0.9137, 0.0784, 0.0000, 0.0000, 0.0000,
        0.0000, 0.0000, 0.0000, 0.0000, 0.0000])
time elapsed: 00:13:13.68
Training LeNet5...
initialize with weights!
tensor([3, 6, 0, 9, 9, 7, 2, 3, 3, 8], grad_fn=<SliceBackward>)
tensor([3, 6, 0, 9, 9, 7, 2, 3, 3, 8])
0.001466666697524488
0.008299999870359898
time elapsed: 00:23:55.99
Running flip 4--------------------------
Training autoencoder...
initialize with weights!
epoch [1/3], loss:0.0068
tensor([ 3.0259e-03, -8.5133e-03, -1.6418e-02, -2.0488e-02, -3.7169e-02,
        -3.4206e-02, -2.3383e-02, -2.9391e-02, -4.3941e-03, -5.3817e-02,
         9.5097e-02,  4.3977e-01,  8.8116e-01,  9.3006e-01,  1.1057e+00,
         9.0355e-01,  6.0341e-01,  7.5601e-01,  8.8297e-01,  9.3887e-01,
         8.0044e-01,  7.6168e-01,  5.4007e-01, -7.0054e-02, -1.0802e-01,
        -3.0609e-02,  1.7089e-02, -2.0462e-02,  8.5248e-04, -1.0960e-02,
         7.5993e-03,  1.9520e-03])
tensor([0.0000, 0.0000, 0.0000, 0.0000, 0.0000, 0.0000, 0.0000, 0.0000, 0.0000,
        0.0000, 0.0314, 0.5137, 0.9922, 0.9843, 0.9843, 0.9843, 0.9843, 0.9922,
        0.9843, 0.9843, 0.9843, 0.8314, 0.4706, 0.0000, 0.0000, 0.0000, 0.0000,
        0.0000, 0.0000, 0.0000, 0.0000, 0.0000])
epoch [2/3], loss:0.0063
tensor([ 6.3273e-03, -4.2337e-03, -6.0793e-03, -6.5255e-03, -5.4053e-03,
         2.5910e-02,  4.2645e-02,  2.7677e-02,  1.7695e-02,  2.2196e-02,
         8.5299e-02,  1.4395e-01,  2.6673e-01,  3.4099e-01,  8.1911e-01,
         7.3706e-01,  5.5002e-01,  1.0034e+00,  7.8039e-01,  4.4912e-02,
         5.8758e-02,  1.6919e-01,  2.9424e-02,  2.6220e-02,  4.0463e-02,
         4.1521e-02,  1.2326e-02, -1.3188e-04, -5.3632e-03,  7.2970e-03,
         5.3267e-04,  1.2239e-03])
tensor([0.0000, 0.0000, 0.0000, 0.0000, 0.0000, 0.0000, 0.0000, 0.0000, 0.0000,
        0.0000, 0.0000, 0.0000, 0.0000, 0.0000, 0.7725, 0.9882, 0.9882, 0.9922,
        0.6549, 0.0000, 0.0000, 0.0000, 0.0000, 0.0000, 0.0000, 0.0000, 0.0000,
        0.0000, 0.0000, 0.0000, 0.0000, 0.0000])
epoch [3/3], loss:0.0067
tensor([ 4.7893e-03, -6.3467e-03,  7.1111e-04,  5.4268e-03,  1.4436e-03,
         3.1075e-02, -1.3931e-02,  4.6772e-03,  5.4103e-02,  1.0625e-01,
         5.6383e-04,  3.2999e-01,  7.9621e-01,  8.7727e-01,  8.3930e-01,
         1.0108e+00,  1.2256e+00,  9.8299e-01,  1.3015e+00,  8.1572e-01,
         3.7923e-01,  1.0139e-01,  3.6762e-02, -4.4873e-02, -6.0844e-02,
        -9.3717e-02, -4.6027e-02,  1.8759e-03,  1.4080e-03,  6.5666e-03,
         8.5396e-03,  2.5601e-03])
tensor([0.0000, 0.0000, 0.0000, 0.0000, 0.0000, 0.0000, 0.0000, 0.0000, 0.0000,
        0.0000, 0.0000, 0.4196, 0.9922, 0.9922, 0.9922, 0.9922, 0.9922, 0.9922,
        0.9922, 0.9765, 0.5725, 0.0588, 0.0000, 0.0000, 0.0000, 0.0000, 0.0000,
        0.0000, 0.0000, 0.0000, 0.0000, 0.0000])
time elapsed: 00:13:14.91
Training LeNet5...
initialize with weights!
tensor([3, 6, 0, 9, 9, 7, 2, 3, 3, 8], grad_fn=<SliceBackward>)
tensor([3, 6, 0, 9, 9, 7, 2, 3, 3, 8])
0.0015833333600312471
0.009800000116229057
time elapsed: 00:23:57.65
Running flip 5--------------------------
Training autoencoder...
initialize with weights!
epoch [1/3], loss:0.0068
tensor([ 0.0024,  0.0012, -0.0347, -0.0604,  0.0139,  0.0180,  0.0380,  0.0980,
         0.0590,  0.0291,  0.0116,  0.7663,  1.1186,  1.0882,  0.9420,  0.7297,
         0.7402,  0.8972,  0.8718,  0.9251,  0.7767,  0.7191,  0.5205,  0.2498,
        -0.0558, -0.0599, -0.0743,  0.0195, -0.0483,  0.0124, -0.0012,  0.0134])
tensor([0.0000, 0.0000, 0.0000, 0.0000, 0.0000, 0.0000, 0.0000, 0.0000, 0.0000,
        0.0000, 0.1098, 0.9176, 0.9922, 0.9882, 0.9882, 0.9882, 0.9922, 0.9882,
        0.9882, 0.9882, 0.9922, 0.9176, 0.5137, 0.1255, 0.0000, 0.0000, 0.0000,
        0.0000, 0.0000, 0.0000, 0.0000, 0.0000])
epoch [2/3], loss:0.0061
tensor([ 5.4552e-03,  2.0898e-02,  1.2036e-02, -5.7785e-03, -8.2265e-03,
        -4.0372e-02, -4.3242e-02, -2.0813e-03, -1.1906e-03, -5.6565e-02,
         6.6915e-02,  6.6672e-01,  1.1239e+00,  1.0368e+00,  7.9486e-01,
         5.6873e-01,  9.4183e-01,  9.5546e-01,  9.6001e-01,  7.6458e-01,
         1.0142e+00,  1.0560e+00,  4.2274e-01,  4.5599e-04, -4.7667e-02,
         1.0452e-02,  2.8546e-02,  4.7254e-03,  1.5103e-02,  1.2672e-02,
        -5.8012e-04,  1.4147e-03])
tensor([0.0000, 0.0000, 0.0000, 0.0000, 0.0000, 0.0000, 0.0000, 0.0000, 0.0000,
        0.0000, 0.0000, 0.5529, 0.9922, 0.9922, 0.9020, 0.7176, 0.9373, 0.9922,
        0.9922, 0.9922, 0.9922, 0.9922, 0.4627, 0.0000, 0.0000, 0.0000, 0.0000,
        0.0000, 0.0000, 0.0000, 0.0000, 0.0000])
epoch [3/3], loss:0.0058
tensor([-1.5956e-03, -5.0289e-03,  2.1378e-02,  1.8786e-02,  3.8900e-02,
         2.5208e-02,  2.9741e-02, -1.3631e-02,  3.0866e-02, -2.2689e-03,
         4.9947e-02,  1.2548e-01,  1.1069e-01,  1.6104e-01,  2.2726e-01,
         8.6207e-01,  1.2443e+00,  1.1781e+00,  7.2008e-01,  1.7986e-01,
        -3.7857e-02, -5.5352e-02,  6.5065e-02, -1.2694e-02, -1.5037e-02,
         4.0889e-03, -1.0220e-02, -3.1837e-03,  5.1735e-03,  1.0623e-02,
         1.2083e-02,  6.3173e-04])
tensor([0.0000, 0.0000, 0.0000, 0.0000, 0.0000, 0.0000, 0.0000, 0.0000, 0.0000,
        0.0000, 0.0000, 0.0000, 0.0000, 0.0000, 0.2275, 0.9098, 0.9961, 1.0000,
        0.6863, 0.0078, 0.0000, 0.0000, 0.0000, 0.0000, 0.0000, 0.0000, 0.0000,
        0.0000, 0.0000, 0.0000, 0.0000, 0.0000])
time elapsed: 00:13:14.87
Training LeNet5...
initialize with weights!
tensor([3, 6, 0, 9, 9, 7, 2, 3, 3, 8], grad_fn=<SliceBackward>)
tensor([3, 6, 0, 9, 9, 7, 2, 3, 3, 8])
0.00143333338201046
0.009600000455975533
time elapsed: 00:23:57.37
[[0.008      0.017      0.0055     0.00175    0.00146667]
 [0.012      0.018      0.0065     0.0026875  0.00138333]
 [0.012      0.022      0.0065     0.0021875  0.0013    ]
 [0.04       0.025      0.00575    0.002125   0.00146667]
 [0.012      0.019      0.0055     0.0025     0.00158333]
 [0.02       0.023      0.005      0.00225    0.00143333]]
[[0.1436     0.0641     0.0326     0.0156     0.0093    ]
 [0.1578     0.0689     0.0345     0.0154     0.0097    ]
 [0.1441     0.0753     0.0331     0.015      0.009     ]
 [0.1696     0.0797     0.0308     0.0143     0.0083    ]
 [0.14390001 0.0696     0.032      0.0158     0.0098    ]
 [0.1418     0.074      0.0349     0.0166     0.0096    ]]
